<?xml version="1.0" encoding="UTF-8" ?>
<testsuite failures="0" time="0.007" errors="0" skipped="0" tests="1" name="com.mkyong.common.AppTest">
  <properties>
    <property name="java.runtime.name" value="Java(TM) SE Runtime Environment"/>
    <property name="sun.boot.library.path" value="/System/Library/Java/JavaVirtualMachines/1.6.0.jdk/Contents/Libraries"/>
    <property name="java.vm.version" value="20.12-b01-434"/>
    <property name="awt.nativeDoubleBuffering" value="true"/>
    <property name="gopherProxySet" value="false"/>
    <property name="mrj.build" value="11M3909"/>
    <property name="java.vm.vendor" value="Apple Inc."/>
    <property name="java.vendor.url" value="http://www.apple.com/"/>
    <property name="path.separator" value=":"/>
    <property name="java.vm.name" value="Java HotSpot(TM) 64-Bit Server VM"/>
    <property name="file.encoding.pkg" value="sun.io"/>
    <property name="user.country" value="US"/>
    <property name="sun.java.launcher" value="SUN_STANDARD"/>
    <property name="sun.os.patch.level" value="unknown"/>
    <property name="java.vm.specification.name" value="Java Virtual Machine Specification"/>
    <property name="user.dir" value="/Users/ggross/Dropbox/sts-work/SpringJDBCExampleSimpleStandaloneForCF"/>
    <property name="java.runtime.version" value="1.6.0_37-b06-434-11M3909"/>
    <property name="java.awt.graphicsenv" value="apple.awt.CGraphicsEnvironment"/>
    <property name="basedir" value="/Users/ggross/Dropbox/sts-work/SpringJDBCExampleSimpleStandaloneForCF"/>
    <property name="java.endorsed.dirs" value="/System/Library/Java/JavaVirtualMachines/1.6.0.jdk/Contents/Home/lib/endorsed"/>
    <property name="os.arch" value="x86_64"/>
    <property name="surefire.real.class.path" value="/Users/ggross/Dropbox/sts-work/SpringJDBCExampleSimpleStandaloneForCF/target/surefire/surefirebooter3261564553699898602.jar"/>
    <property name="java.io.tmpdir" value="/var/folders/87/f6jc5fpj2q36crdysvy2_6f00000gn/T/"/>
    <property name="line.separator" value="
"/>
    <property name="java.vm.specification.vendor" value="Sun Microsystems Inc."/>
    <property name="os.name" value="Mac OS X"/>
    <property name="sun.jnu.encoding" value="MacRoman"/>
    <property name="java.library.path" value="/usr/local/mysql/lib::.:/Users/ggross/Library/Java/Extensions:/Library/Java/Extensions:/System/Library/Java/Extensions:/usr/lib/java"/>
    <property name="surefire.test.class.path" value="/Users/ggross/Dropbox/sts-work/SpringJDBCExampleSimpleStandaloneForCF/target/test-classes:/Users/ggross/Dropbox/sts-work/SpringJDBCExampleSimpleStandaloneForCF/target/classes:/Users/ggross/.m2/repository/junit/junit/3.8.1/junit-3.8.1.jar:/Users/ggross/.m2/repository/org/springframework/spring-context/3.1.1.RELEASE/spring-context-3.1.1.RELEASE.jar:/Users/ggross/.m2/repository/org/springframework/spring-aop/3.1.1.RELEASE/spring-aop-3.1.1.RELEASE.jar:/Users/ggross/.m2/repository/aopalliance/aopalliance/1.0/aopalliance-1.0.jar:/Users/ggross/.m2/repository/org/springframework/spring-beans/3.1.1.RELEASE/spring-beans-3.1.1.RELEASE.jar:/Users/ggross/.m2/repository/org/springframework/spring-core/3.1.1.RELEASE/spring-core-3.1.1.RELEASE.jar:/Users/ggross/.m2/repository/commons-logging/commons-logging/1.1.1/commons-logging-1.1.1.jar:/Users/ggross/.m2/repository/org/springframework/spring-expression/3.1.1.RELEASE/spring-expression-3.1.1.RELEASE.jar:/Users/ggross/.m2/repository/org/springframework/spring-asm/3.1.1.RELEASE/spring-asm-3.1.1.RELEASE.jar:/Users/ggross/.m2/repository/mysql/mysql-connector-java/5.1.9/mysql-connector-java-5.1.9.jar:/Users/ggross/.m2/repository/org/springframework/spring-jdbc/3.1.1.RELEASE/spring-jdbc-3.1.1.RELEASE.jar:/Users/ggross/.m2/repository/org/springframework/spring-tx/3.1.1.RELEASE/spring-tx-3.1.1.RELEASE.jar:/Users/ggross/.m2/repository/org/cloudfoundry/cloudfoundry-runtime/0.8.1/cloudfoundry-runtime-0.8.1.jar:/Users/ggross/.m2/repository/org/cloudfoundry/cloudfoundry-client-lib/0.8.1/cloudfoundry-client-lib-0.8.1.jar:/Users/ggross/.m2/repository/org/springframework/spring-webmvc/3.0.7.RELEASE/spring-webmvc-3.0.7.RELEASE.jar:/Users/ggross/.m2/repository/org/springframework/spring-context-support/3.0.7.RELEASE/spring-context-support-3.0.7.RELEASE.jar:/Users/ggross/.m2/repository/org/springframework/spring-web/3.0.7.RELEASE/spring-web-3.0.7.RELEASE.jar:/Users/ggross/.m2/repository/org/springframework/security/oauth/spring-security-oauth2/1.0.0.RC1/spring-security-oauth2-1.0.0.RC1.jar:/Users/ggross/.m2/repository/org/springframework/security/spring-security-core/3.1.0.RELEASE/spring-security-core-3.1.0.RELEASE.jar:/Users/ggross/.m2/repository/org/springframework/security/spring-security-crypto/3.1.0.RELEASE/spring-security-crypto-3.1.0.RELEASE.jar:/Users/ggross/.m2/repository/org/springframework/security/spring-security-config/3.1.0.RELEASE/spring-security-config-3.1.0.RELEASE.jar:/Users/ggross/.m2/repository/org/springframework/security/spring-security-web/3.1.0.RELEASE/spring-security-web-3.1.0.RELEASE.jar:/Users/ggross/.m2/repository/commons-codec/commons-codec/1.3/commons-codec-1.3.jar:/Users/ggross/.m2/repository/commons-httpclient/commons-httpclient/3.1/commons-httpclient-3.1.jar:/Users/ggross/.m2/repository/org/codehaus/jackson/jackson-core-asl/1.6.2/jackson-core-asl-1.6.2.jar:/Users/ggross/.m2/repository/org/codehaus/jackson/jackson-mapper-asl/1.6.2/jackson-mapper-asl-1.6.2.jar:/Users/ggross/.m2/repository/commons-io/commons-io/2.1/commons-io-2.1.jar:/Users/ggross/.m2/repository/commons-dbcp/commons-dbcp/1.4/commons-dbcp-1.4.jar:/Users/ggross/.m2/repository/commons-pool/commons-pool/1.5.4/commons-pool-1.5.4.jar:/Users/ggross/.m2/repository/org/springframework/batch/spring-batch-core/2.1.7.RELEASE/spring-batch-core-2.1.7.RELEASE.jar:/Users/ggross/.m2/repository/org/springframework/batch/spring-batch-infrastructure/2.1.7.RELEASE/spring-batch-infrastructure-2.1.7.RELEASE.jar:/Users/ggross/.m2/repository/com/thoughtworks/xstream/xstream/1.3/xstream-1.3.jar:/Users/ggross/.m2/repository/xpp3/xpp3_min/1.1.4c/xpp3_min-1.1.4c.jar:/Users/ggross/.m2/repository/org/codehaus/jettison/jettison/1.1/jettison-1.1.jar:"/>
    <property name="java.specification.name" value="Java Platform API Specification"/>
    <property name="java.class.version" value="50.0"/>
    <property name="sun.management.compiler" value="HotSpot 64-Bit Tiered Compilers"/>
    <property name="os.version" value="10.7.5"/>
    <property name="http.nonProxyHosts" value="local|*.local|169.254/16|*.169.254/16"/>
    <property name="user.home" value="/Users/ggross"/>
    <property name="user.timezone" value=""/>
    <property name="java.awt.printerjob" value="apple.awt.CPrinterJob"/>
    <property name="java.specification.version" value="1.6"/>
    <property name="file.encoding" value="MacRoman"/>
    <property name="user.name" value="ggross"/>
    <property name="java.class.path" value="/Users/ggross/Dropbox/sts-work/SpringJDBCExampleSimpleStandaloneForCF/target/test-classes:/Users/ggross/Dropbox/sts-work/SpringJDBCExampleSimpleStandaloneForCF/target/classes:/Users/ggross/.m2/repository/junit/junit/3.8.1/junit-3.8.1.jar:/Users/ggross/.m2/repository/org/springframework/spring-context/3.1.1.RELEASE/spring-context-3.1.1.RELEASE.jar:/Users/ggross/.m2/repository/org/springframework/spring-aop/3.1.1.RELEASE/spring-aop-3.1.1.RELEASE.jar:/Users/ggross/.m2/repository/aopalliance/aopalliance/1.0/aopalliance-1.0.jar:/Users/ggross/.m2/repository/org/springframework/spring-beans/3.1.1.RELEASE/spring-beans-3.1.1.RELEASE.jar:/Users/ggross/.m2/repository/org/springframework/spring-core/3.1.1.RELEASE/spring-core-3.1.1.RELEASE.jar:/Users/ggross/.m2/repository/commons-logging/commons-logging/1.1.1/commons-logging-1.1.1.jar:/Users/ggross/.m2/repository/org/springframework/spring-expression/3.1.1.RELEASE/spring-expression-3.1.1.RELEASE.jar:/Users/ggross/.m2/repository/org/springframework/spring-asm/3.1.1.RELEASE/spring-asm-3.1.1.RELEASE.jar:/Users/ggross/.m2/repository/mysql/mysql-connector-java/5.1.9/mysql-connector-java-5.1.9.jar:/Users/ggross/.m2/repository/org/springframework/spring-jdbc/3.1.1.RELEASE/spring-jdbc-3.1.1.RELEASE.jar:/Users/ggross/.m2/repository/org/springframework/spring-tx/3.1.1.RELEASE/spring-tx-3.1.1.RELEASE.jar:/Users/ggross/.m2/repository/org/cloudfoundry/cloudfoundry-runtime/0.8.1/cloudfoundry-runtime-0.8.1.jar:/Users/ggross/.m2/repository/org/cloudfoundry/cloudfoundry-client-lib/0.8.1/cloudfoundry-client-lib-0.8.1.jar:/Users/ggross/.m2/repository/org/springframework/spring-webmvc/3.0.7.RELEASE/spring-webmvc-3.0.7.RELEASE.jar:/Users/ggross/.m2/repository/org/springframework/spring-context-support/3.0.7.RELEASE/spring-context-support-3.0.7.RELEASE.jar:/Users/ggross/.m2/repository/org/springframework/spring-web/3.0.7.RELEASE/spring-web-3.0.7.RELEASE.jar:/Users/ggross/.m2/repository/org/springframework/security/oauth/spring-security-oauth2/1.0.0.RC1/spring-security-oauth2-1.0.0.RC1.jar:/Users/ggross/.m2/repository/org/springframework/security/spring-security-core/3.1.0.RELEASE/spring-security-core-3.1.0.RELEASE.jar:/Users/ggross/.m2/repository/org/springframework/security/spring-security-crypto/3.1.0.RELEASE/spring-security-crypto-3.1.0.RELEASE.jar:/Users/ggross/.m2/repository/org/springframework/security/spring-security-config/3.1.0.RELEASE/spring-security-config-3.1.0.RELEASE.jar:/Users/ggross/.m2/repository/org/springframework/security/spring-security-web/3.1.0.RELEASE/spring-security-web-3.1.0.RELEASE.jar:/Users/ggross/.m2/repository/commons-codec/commons-codec/1.3/commons-codec-1.3.jar:/Users/ggross/.m2/repository/commons-httpclient/commons-httpclient/3.1/commons-httpclient-3.1.jar:/Users/ggross/.m2/repository/org/codehaus/jackson/jackson-core-asl/1.6.2/jackson-core-asl-1.6.2.jar:/Users/ggross/.m2/repository/org/codehaus/jackson/jackson-mapper-asl/1.6.2/jackson-mapper-asl-1.6.2.jar:/Users/ggross/.m2/repository/commons-io/commons-io/2.1/commons-io-2.1.jar:/Users/ggross/.m2/repository/commons-dbcp/commons-dbcp/1.4/commons-dbcp-1.4.jar:/Users/ggross/.m2/repository/commons-pool/commons-pool/1.5.4/commons-pool-1.5.4.jar:/Users/ggross/.m2/repository/org/springframework/batch/spring-batch-core/2.1.7.RELEASE/spring-batch-core-2.1.7.RELEASE.jar:/Users/ggross/.m2/repository/org/springframework/batch/spring-batch-infrastructure/2.1.7.RELEASE/spring-batch-infrastructure-2.1.7.RELEASE.jar:/Users/ggross/.m2/repository/com/thoughtworks/xstream/xstream/1.3/xstream-1.3.jar:/Users/ggross/.m2/repository/xpp3/xpp3_min/1.1.4c/xpp3_min-1.1.4c.jar:/Users/ggross/.m2/repository/org/codehaus/jettison/jettison/1.1/jettison-1.1.jar:"/>
    <property name="java.vm.specification.version" value="1.0"/>
    <property name="sun.arch.data.model" value="64"/>
    <property name="java.home" value="/System/Library/Java/JavaVirtualMachines/1.6.0.jdk/Contents/Home"/>
    <property name="sun.java.command" value="/Users/ggross/Dropbox/sts-work/SpringJDBCExampleSimpleStandaloneForCF/target/surefire/surefirebooter3261564553699898602.jar /Users/ggross/Dropbox/sts-work/SpringJDBCExampleSimpleStandaloneForCF/target/surefire/surefire4779101889881960285tmp /Users/ggross/Dropbox/sts-work/SpringJDBCExampleSimpleStandaloneForCF/target/surefire/surefire7149571502685189532tmp"/>
    <property name="java.specification.vendor" value="Sun Microsystems Inc."/>
    <property name="user.language" value="en"/>
    <property name="awt.toolkit" value="apple.awt.CToolkit"/>
    <property name="java.vm.info" value="mixed mode"/>
    <property name="java.version" value="1.6.0_37"/>
    <property name="java.ext.dirs" value="/Users/ggross/Library/Java/Extensions:/Library/Java/Extensions:/System/Library/Java/Extensions:/System/Library/Java/JavaVirtualMachines/1.6.0.jdk/Contents/Home/lib/ext"/>
    <property name="sun.boot.class.path" value="/System/Library/Java/JavaVirtualMachines/1.6.0.jdk/Contents/Classes/jsfd.jar:/System/Library/Java/JavaVirtualMachines/1.6.0.jdk/Contents/Classes/classes.jar:/System/Library/Frameworks/JavaVM.framework/Frameworks/JavaRuntimeSupport.framework/Resources/Java/JavaRuntimeSupport.jar:/System/Library/Java/JavaVirtualMachines/1.6.0.jdk/Contents/Classes/ui.jar:/System/Library/Java/JavaVirtualMachines/1.6.0.jdk/Contents/Classes/laf.jar:/System/Library/Java/JavaVirtualMachines/1.6.0.jdk/Contents/Classes/sunrsasign.jar:/System/Library/Java/JavaVirtualMachines/1.6.0.jdk/Contents/Classes/jsse.jar:/System/Library/Java/JavaVirtualMachines/1.6.0.jdk/Contents/Classes/jce.jar:/System/Library/Java/JavaVirtualMachines/1.6.0.jdk/Contents/Classes/charsets.jar"/>
    <property name="java.vendor" value="Apple Inc."/>
    <property name="localRepository" value="/Users/ggross/.m2/repository"/>
    <property name="file.separator" value="/"/>
    <property name="java.vendor.url.bug" value="http://bugreport.apple.com/"/>
    <property name="sun.cpu.endian" value="little"/>
    <property name="sun.io.unicode.encoding" value="UnicodeLittle"/>
    <property name="mrj.version" value="1070.1.6.0_37-434"/>
    <property name="socksNonProxyHosts" value="local|*.local|169.254/16|*.169.254/16"/>
    <property name="ftp.nonProxyHosts" value="local|*.local|169.254/16|*.169.254/16"/>
    <property name="sun.cpu.isalist" value=""/>
  </properties>
  <testcase time="0.002" classname="com.mkyong.common.AppTest" name="testApp"/>
</testsuite>